  Scanning sources for module dependencies...
  Menu.h
  Memory.h
  Compiling...
  Menu.h
  Memory.h
C:\Program Files (x86)\Windows Kits\10\Include\10.0.26100.0\um\winnt.h(1057,1): message : sorry: 'inline' function definition for 'ULONGLONG Int64ShllMod32(ULONGLONG,DWORD)' could not be written to module due to unrecognized expression or statement at 'C:\Program Files (x86)\Windows Kits\10\Include\10.0.26100.0\um\winnt.h(1062,5)'.
C:\Program Files (x86)\Windows Kits\10\Include\10.0.26100.0\um\winnt.h(1057,1): message : If possible please provide a repro here: https://developercommunity.visualstudio.com
C:\Program Files (x86)\Windows Kits\10\Include\10.0.26100.0\um\winnt.h(1057,1): message : sorry: 'inline' function definition for 'ULONGLONG Int64ShllMod32(ULONGLONG,DWORD)' could not be written to module due to unrecognized expression or statement at 'C:\Program Files (x86)\Windows Kits\10\Include\10.0.26100.0\um\winnt.h(1062,5)'.
C:\Program Files (x86)\Windows Kits\10\Include\10.0.26100.0\um\winnt.h(1057,1): message : If possible please provide a repro here: https://developercommunity.visualstudio.com
  (compiling source file 'srcs/Menu.h')
  
C:\Program Files (x86)\Windows Kits\10\Include\10.0.26100.0\um\winnt.h(1073,1): message : sorry: 'inline' function definition for 'LONGLONG Int64ShraMod32(LONGLONG,DWORD)' could not be written to module due to unrecognized expression or statement at 'C:\Program Files (x86)\Windows Kits\10\Include\10.0.26100.0\um\winnt.h(1078,5)'.
C:\Program Files (x86)\Windows Kits\10\Include\10.0.26100.0\um\winnt.h(1073,1): message : If possible please provide a repro here: https://developercommunity.visualstudio.com
  (compiling source file 'srcs/Menu.h')
  
C:\Program Files (x86)\Windows Kits\10\Include\10.0.26100.0\um\winnt.h(1089,1): message : sorry: 'inline' function definition for 'ULONGLONG Int64ShrlMod32(ULONGLONG,DWORD)' could not be written to module due to unrecognized expression or statement at 'C:\Program Files (x86)\Windows Kits\10\Include\10.0.26100.0\um\winnt.h(1094,5)'.
C:\Program Files (x86)\Windows Kits\10\Include\10.0.26100.0\um\winnt.h(1089,1): message : If possible please provide a repro here: https://developercommunity.visualstudio.com
  (compiling source file 'srcs/Menu.h')
  
  (compiling source file 'srcs/Memory.h')
  
C:\Program Files (x86)\Windows Kits\10\Include\10.0.26100.0\um\winnt.h(1073,1): message : sorry: 'inline' function definition for 'LONGLONG Int64ShraMod32(LONGLONG,DWORD)' could not be written to module due to unrecognized expression or statement at 'C:\Program Files (x86)\Windows Kits\10\Include\10.0.26100.0\um\winnt.h(1078,5)'.
C:\Program Files (x86)\Windows Kits\10\Include\10.0.26100.0\um\winnt.h(1073,1): message : If possible please provide a repro here: https://developercommunity.visualstudio.com
  (compiling source file 'srcs/Memory.h')
  
C:\Program Files (x86)\Windows Kits\10\Include\10.0.26100.0\um\winnt.h(1089,1): message : sorry: 'inline' function definition for 'ULONGLONG Int64ShrlMod32(ULONGLONG,DWORD)' could not be written to module due to unrecognized expression or statement at 'C:\Program Files (x86)\Windows Kits\10\Include\10.0.26100.0\um\winnt.h(1094,5)'.
C:\Program Files (x86)\Windows Kits\10\Include\10.0.26100.0\um\winnt.h(1089,1): message : If possible please provide a repro here: https://developercommunity.visualstudio.com
  (compiling source file 'srcs/Memory.h')
  
C:\Users\0nlyArg0n\source\repos\ACexternal\ACexternal\srcs\Color.h(7,32): warning C5260: the constant variable 'Color::red' has internal linkage in an included header file context, but external linkage in imported header unit context; consider declaring it 'inline' as well if it will be shared across translation units, or 'static' to express intent to use it local to this translation unit
  (compiling source file 'srcs/Menu.h')
  
C:\Users\0nlyArg0n\source\repos\ACexternal\ACexternal\srcs\Color.h(8,32): warning C5260: the constant variable 'Color::green' has internal linkage in an included header file context, but external linkage in imported header unit context; consider declaring it 'inline' as well if it will be shared across translation units, or 'static' to express intent to use it local to this translation unit
  (compiling source file 'srcs/Menu.h')
  
C:\Users\0nlyArg0n\source\repos\ACexternal\ACexternal\srcs\Color.h(9,32): warning C5260: the constant variable 'Color::yellow' has internal linkage in an included header file context, but external linkage in imported header unit context; consider declaring it 'inline' as well if it will be shared across translation units, or 'static' to express intent to use it local to this translation unit
  (compiling source file 'srcs/Menu.h')
  
C:\Users\0nlyArg0n\source\repos\ACexternal\ACexternal\srcs\Color.h(10,32): warning C5260: the constant variable 'Color::blue' has internal linkage in an included header file context, but external linkage in imported header unit context; consider declaring it 'inline' as well if it will be shared across translation units, or 'static' to express intent to use it local to this translation unit
  (compiling source file 'srcs/Menu.h')
  
C:\Users\0nlyArg0n\source\repos\ACexternal\ACexternal\srcs\Color.h(11,32): warning C5260: the constant variable 'Color::magenta' has internal linkage in an included header file context, but external linkage in imported header unit context; consider declaring it 'inline' as well if it will be shared across translation units, or 'static' to express intent to use it local to this translation unit
  (compiling source file 'srcs/Menu.h')
  
C:\Users\0nlyArg0n\source\repos\ACexternal\ACexternal\srcs\Color.h(12,32): warning C5260: the constant variable 'Color::cyan' has internal linkage in an included header file context, but external linkage in imported header unit context; consider declaring it 'inline' as well if it will be shared across translation units, or 'static' to express intent to use it local to this translation unit
  (compiling source file 'srcs/Menu.h')
  
C:\Users\0nlyArg0n\source\repos\ACexternal\ACexternal\srcs\Color.h(13,32): warning C5260: the constant variable 'Color::white' has internal linkage in an included header file context, but external linkage in imported header unit context; consider declaring it 'inline' as well if it will be shared across translation units, or 'static' to express intent to use it local to this translation unit
  (compiling source file 'srcs/Menu.h')
  
C:\Users\0nlyArg0n\source\repos\ACexternal\ACexternal\srcs\Color.h(16,32): warning C5260: the constant variable 'Color::bg_red' has internal linkage in an included header file context, but external linkage in imported header unit context; consider declaring it 'inline' as well if it will be shared across translation units, or 'static' to express intent to use it local to this translation unit
  (compiling source file 'srcs/Menu.h')
  
C:\Users\0nlyArg0n\source\repos\ACexternal\ACexternal\srcs\Color.h(17,32): warning C5260: the constant variable 'Color::bg_green' has internal linkage in an included header file context, but external linkage in imported header unit context; consider declaring it 'inline' as well if it will be shared across translation units, or 'static' to express intent to use it local to this translation unit
  (compiling source file 'srcs/Menu.h')
  
C:\Users\0nlyArg0n\source\repos\ACexternal\ACexternal\srcs\Color.h(18,32): warning C5260: the constant variable 'Color::bg_yellow' has internal linkage in an included header file context, but external linkage in imported header unit context; consider declaring it 'inline' as well if it will be shared across translation units, or 'static' to express intent to use it local to this translation unit
  (compiling source file 'srcs/Menu.h')
  
C:\Users\0nlyArg0n\source\repos\ACexternal\ACexternal\srcs\Color.h(19,32): warning C5260: the constant variable 'Color::bg_blue' has internal linkage in an included header file context, but external linkage in imported header unit context; consider declaring it 'inline' as well if it will be shared across translation units, or 'static' to express intent to use it local to this translation unit
  (compiling source file 'srcs/Menu.h')
  
C:\Users\0nlyArg0n\source\repos\ACexternal\ACexternal\srcs\Color.h(20,32): warning C5260: the constant variable 'Color::bg_magenta' has internal linkage in an included header file context, but external linkage in imported header unit context; consider declaring it 'inline' as well if it will be shared across translation units, or 'static' to express intent to use it local to this translation unit
  (compiling source file 'srcs/Menu.h')
  
C:\Users\0nlyArg0n\source\repos\ACexternal\ACexternal\srcs\Color.h(21,32): warning C5260: the constant variable 'Color::bg_cyan' has internal linkage in an included header file context, but external linkage in imported header unit context; consider declaring it 'inline' as well if it will be shared across translation units, or 'static' to express intent to use it local to this translation unit
  (compiling source file 'srcs/Menu.h')
  
C:\Users\0nlyArg0n\source\repos\ACexternal\ACexternal\srcs\Color.h(22,32): warning C5260: the constant variable 'Color::bg_white' has internal linkage in an included header file context, but external linkage in imported header unit context; consider declaring it 'inline' as well if it will be shared across translation units, or 'static' to express intent to use it local to this translation unit
  (compiling source file 'srcs/Menu.h')
  
C:\Users\0nlyArg0n\source\repos\ACexternal\ACexternal\srcs\Color.h(25,32): warning C5260: the constant variable 'Color::grey' has internal linkage in an included header file context, but external linkage in imported header unit context; consider declaring it 'inline' as well if it will be shared across translation units, or 'static' to express intent to use it local to this translation unit
  (compiling source file 'srcs/Menu.h')
  
C:\Users\0nlyArg0n\source\repos\ACexternal\ACexternal\srcs\Color.h(26,32): warning C5260: the constant variable 'Color::bright_red' has internal linkage in an included header file context, but external linkage in imported header unit context; consider declaring it 'inline' as well if it will be shared across translation units, or 'static' to express intent to use it local to this translation unit
  (compiling source file 'srcs/Menu.h')
  
C:\Users\0nlyArg0n\source\repos\ACexternal\ACexternal\srcs\Color.h(27,32): warning C5260: the constant variable 'Color::bright_green' has internal linkage in an included header file context, but external linkage in imported header unit context; consider declaring it 'inline' as well if it will be shared across translation units, or 'static' to express intent to use it local to this translation unit
  (compiling source file 'srcs/Menu.h')
  
C:\Users\0nlyArg0n\source\repos\ACexternal\ACexternal\srcs\Color.h(28,32): warning C5260: the constant variable 'Color::bright_yellow' has internal linkage in an included header file context, but external linkage in imported header unit context; consider declaring it 'inline' as well if it will be shared across translation units, or 'static' to express intent to use it local to this translation unit
  (compiling source file 'srcs/Menu.h')
  
C:\Users\0nlyArg0n\source\repos\ACexternal\ACexternal\srcs\Color.h(29,32): warning C5260: the constant variable 'Color::bright_blue' has internal linkage in an included header file context, but external linkage in imported header unit context; consider declaring it 'inline' as well if it will be shared across translation units, or 'static' to express intent to use it local to this translation unit
  (compiling source file 'srcs/Menu.h')
  
C:\Users\0nlyArg0n\source\repos\ACexternal\ACexternal\srcs\Color.h(30,32): warning C5260: the constant variable 'Color::bright_magenta' has internal linkage in an included header file context, but external linkage in imported header unit context; consider declaring it 'inline' as well if it will be shared across translation units, or 'static' to express intent to use it local to this translation unit
  (compiling source file 'srcs/Menu.h')
  
C:\Users\0nlyArg0n\source\repos\ACexternal\ACexternal\srcs\Color.h(31,32): warning C5260: the constant variable 'Color::bright_cyan' has internal linkage in an included header file context, but external linkage in imported header unit context; consider declaring it 'inline' as well if it will be shared across translation units, or 'static' to express intent to use it local to this translation unit
  (compiling source file 'srcs/Menu.h')
  
C:\Users\0nlyArg0n\source\repos\ACexternal\ACexternal\srcs\Color.h(32,32): warning C5260: the constant variable 'Color::bright_white' has internal linkage in an included header file context, but external linkage in imported header unit context; consider declaring it 'inline' as well if it will be shared across translation units, or 'static' to express intent to use it local to this translation unit
  (compiling source file 'srcs/Menu.h')
  
C:\Users\0nlyArg0n\source\repos\ACexternal\ACexternal\srcs\Color.h(35,32): warning C5260: the constant variable 'Color::reset' has internal linkage in an included header file context, but external linkage in imported header unit context; consider declaring it 'inline' as well if it will be shared across translation units, or 'static' to express intent to use it local to this translation unit
  (compiling source file 'srcs/Menu.h')
  
  Hacks.cpp
  main.cpp
  Generating Code...
  ACexternal.vcxproj -> C:\Users\0nlyArg0n\source\repos\ACexternal\Debug\ExodusMaximus.exe
  Der Befehl "pwsh.exe" ist entweder falsch geschrieben oder
  konnte nicht gefunden werden.
